{"/Users/dhwanidobariya/Desktop/Sem - 3/Full Stck/IdeaProjects/Pace/src/middleware/requireAuth.js": {"path":"/Users/dhwanidobariya/Desktop/Sem - 3/Full Stck/IdeaProjects/Pace/src/middleware/requireAuth.js","statementMap":{"0":{"start":{"line":1,"column":23},"end":{"line":1,"column":46}},"1":{"start":{"line":4,"column":0},"end":{"line":13,"column":2}},"2":{"start":{"line":5,"column":18},"end":{"line":5,"column":42}},"3":{"start":{"line":6,"column":4},"end":{"line":6,"column":72}},"4":{"start":{"line":6,"column":16},"end":{"line":6,"column":72}},"5":{"start":{"line":7,"column":4},"end":{"line":12,"column":5}},"6":{"start":{"line":8,"column":8},"end":{"line":8,"column":39}},"7":{"start":{"line":9,"column":8},"end":{"line":9,"column":15}},"8":{"start":{"line":11,"column":8},"end":{"line":11,"column":73}}},"fnMap":{"0":{"name":"requireAuth","decl":{"start":{"line":4,"column":26},"end":{"line":4,"column":37}},"loc":{"start":{"line":4,"column":54},"end":{"line":13,"column":1}},"line":4}},"branchMap":{"0":{"loc":{"start":{"line":6,"column":4},"end":{"line":6,"column":72}},"type":"if","locations":[{"start":{"line":6,"column":4},"end":{"line":6,"column":72}},{"start":{},"end":{}}],"line":6}},"s":{"0":1,"1":1,"2":0,"3":0,"4":0,"5":0,"6":0,"7":0,"8":0},"f":{"0":0},"b":{"0":[0,0]},"_coverageSchema":"1a1c01bbd47fc00a2c39e90264f33305004495a9","hash":"516caa26e34ac8a655a2ba7ef61c21bc16ee66db"}
,"/Users/dhwanidobariya/Desktop/Sem - 3/Full Stck/IdeaProjects/Pace/src/routes/auth.js": {"path":"/Users/dhwanidobariya/Desktop/Sem - 3/Full Stck/IdeaProjects/Pace/src/routes/auth.js","statementMap":{"0":{"start":{"line":1,"column":16},"end":{"line":1,"column":34}},"1":{"start":{"line":2,"column":15},"end":{"line":2,"column":32}},"2":{"start":{"line":3,"column":18},"end":{"line":3,"column":47}},"3":{"start":{"line":4,"column":13},"end":{"line":4,"column":38}},"4":{"start":{"line":5,"column":49},"end":{"line":5,"column":72}},"5":{"start":{"line":7,"column":15},"end":{"line":7,"column":31}},"6":{"start":{"line":8,"column":20},"end":{"line":8,"column":22}},"7":{"start":{"line":11,"column":19},"end":{"line":11,"column":56}},"8":{"start":{"line":12,"column":17},"end":{"line":17,"column":5}},"9":{"start":{"line":18,"column":4},"end":{"line":18,"column":75}},"10":{"start":{"line":18,"column":35},"end":{"line":18,"column":75}},"11":{"start":{"line":19,"column":4},"end":{"line":20,"column":47}},"12":{"start":{"line":19,"column":20},"end":{"line":19,"column":49}},"13":{"start":{"line":20,"column":9},"end":{"line":20,"column":47}},"14":{"start":{"line":21,"column":4},"end":{"line":21,"column":16}},"15":{"start":{"line":25,"column":21},"end":{"line":30,"column":2}},"16":{"start":{"line":33,"column":0},"end":{"line":68,"column":3}},"17":{"start":{"line":34,"column":4},"end":{"line":67,"column":5}},"18":{"start":{"line":35,"column":50},"end":{"line":35,"column":58}},"19":{"start":{"line":36,"column":8},"end":{"line":37,"column":76}},"20":{"start":{"line":37,"column":12},"end":{"line":37,"column":76}},"21":{"start":{"line":39,"column":23},"end":{"line":39,"column":71}},"22":{"start":{"line":40,"column":8},"end":{"line":40,"column":80}},"23":{"start":{"line":40,"column":20},"end":{"line":40,"column":80}},"24":{"start":{"line":42,"column":29},"end":{"line":42,"column":69}},"25":{"start":{"line":43,"column":21},"end":{"line":43,"column":77}},"26":{"start":{"line":46,"column":24},"end":{"line":46,"column":75}},"27":{"start":{"line":47,"column":28},"end":{"line":47,"column":47}},"28":{"start":{"line":48,"column":29},"end":{"line":48,"column":49}},"29":{"start":{"line":51,"column":8},"end":{"line":51,"column":69}},"30":{"start":{"line":52,"column":8},"end":{"line":52,"column":70}},"31":{"start":{"line":55,"column":8},"end":{"line":60,"column":11}},"32":{"start":{"line":63,"column":8},"end":{"line":65,"column":9}},"33":{"start":{"line":64,"column":12},"end":{"line":64,"column":84}},"34":{"start":{"line":66,"column":8},"end":{"line":66,"column":18}},"35":{"start":{"line":71,"column":0},"end":{"line":96,"column":3}},"36":{"start":{"line":72,"column":4},"end":{"line":95,"column":5}},"37":{"start":{"line":73,"column":44},"end":{"line":73,"column":52}},"38":{"start":{"line":74,"column":8},"end":{"line":75,"column":74}},"39":{"start":{"line":75,"column":12},"end":{"line":75,"column":74}},"40":{"start":{"line":77,"column":21},"end":{"line":79,"column":10}},"41":{"start":{"line":80,"column":8},"end":{"line":80,"column":79}},"42":{"start":{"line":80,"column":19},"end":{"line":80,"column":79}},"43":{"start":{"line":82,"column":19},"end":{"line":82,"column":68}},"44":{"start":{"line":83,"column":8},"end":{"line":83,"column":77}},"45":{"start":{"line":83,"column":17},"end":{"line":83,"column":77}},"46":{"start":{"line":85,"column":24},"end":{"line":85,"column":75}},"47":{"start":{"line":86,"column":28},"end":{"line":86,"column":47}},"48":{"start":{"line":87,"column":29},"end":{"line":87,"column":49}},"49":{"start":{"line":89,"column":8},"end":{"line":89,"column":69}},"50":{"start":{"line":90,"column":8},"end":{"line":90,"column":70}},"51":{"start":{"line":92,"column":8},"end":{"line":92,"column":34}},"52":{"start":{"line":94,"column":8},"end":{"line":94,"column":18}},"53":{"start":{"line":99,"column":0},"end":{"line":116,"column":3}},"54":{"start":{"line":100,"column":18},"end":{"line":100,"column":43}},"55":{"start":{"line":101,"column":4},"end":{"line":101,"column":78}},"56":{"start":{"line":101,"column":16},"end":{"line":101,"column":78}},"57":{"start":{"line":102,"column":4},"end":{"line":115,"column":5}},"58":{"start":{"line":103,"column":24},"end":{"line":103,"column":44}},"59":{"start":{"line":106,"column":26},"end":{"line":106,"column":84}},"60":{"start":{"line":107,"column":27},"end":{"line":107,"column":86}},"61":{"start":{"line":109,"column":8},"end":{"line":109,"column":67}},"62":{"start":{"line":110,"column":8},"end":{"line":110,"column":68}},"63":{"start":{"line":112,"column":8},"end":{"line":112,"column":34}},"64":{"start":{"line":114,"column":8},"end":{"line":114,"column":70}},"65":{"start":{"line":119,"column":0},"end":{"line":125,"column":3}},"66":{"start":{"line":120,"column":17},"end":{"line":120,"column":37}},"67":{"start":{"line":121,"column":24},"end":{"line":121,"column":43}},"68":{"start":{"line":122,"column":4},"end":{"line":122,"column":41}},"69":{"start":{"line":123,"column":4},"end":{"line":123,"column":49}},"70":{"start":{"line":124,"column":4},"end":{"line":124,"column":30}},"71":{"start":{"line":128,"column":0},"end":{"line":131,"column":3}},"72":{"start":{"line":130,"column":4},"end":{"line":130,"column":66}},"73":{"start":{"line":133,"column":0},"end":{"line":133,"column":24}}},"fnMap":{"0":{"name":"cookieOptions","decl":{"start":{"line":10,"column":9},"end":{"line":10,"column":22}},"loc":{"start":{"line":10,"column":42},"end":{"line":22,"column":1}},"line":10},"1":{"name":"(anonymous_1)","decl":{"start":{"line":33,"column":23},"end":{"line":33,"column":24}},"loc":{"start":{"line":33,"column":49},"end":{"line":68,"column":1}},"line":33},"2":{"name":"(anonymous_2)","decl":{"start":{"line":71,"column":36},"end":{"line":71,"column":37}},"loc":{"start":{"line":71,"column":62},"end":{"line":96,"column":1}},"line":71},"3":{"name":"(anonymous_3)","decl":{"start":{"line":99,"column":24},"end":{"line":99,"column":25}},"loc":{"start":{"line":99,"column":44},"end":{"line":116,"column":1}},"line":99},"4":{"name":"(anonymous_4)","decl":{"start":{"line":119,"column":23},"end":{"line":119,"column":24}},"loc":{"start":{"line":119,"column":37},"end":{"line":125,"column":1}},"line":119},"5":{"name":"(anonymous_5)","decl":{"start":{"line":128,"column":56},"end":{"line":128,"column":57}},"loc":{"start":{"line":128,"column":76},"end":{"line":131,"column":1}},"line":128}},"branchMap":{"0":{"loc":{"start":{"line":10,"column":23},"end":{"line":10,"column":40}},"type":"default-arg","locations":[{"start":{"line":10,"column":35},"end":{"line":10,"column":40}}],"line":10},"1":{"loc":{"start":{"line":15,"column":18},"end":{"line":15,"column":41}},"type":"cond-expr","locations":[{"start":{"line":15,"column":27},"end":{"line":15,"column":33}},{"start":{"line":15,"column":36},"end":{"line":15,"column":41}}],"line":15},"2":{"loc":{"start":{"line":18,"column":4},"end":{"line":18,"column":75}},"type":"if","locations":[{"start":{"line":18,"column":4},"end":{"line":18,"column":75}},{"start":{},"end":{}}],"line":18},"3":{"loc":{"start":{"line":19,"column":4},"end":{"line":20,"column":47}},"type":"if","locations":[{"start":{"line":19,"column":4},"end":{"line":20,"column":47}},{"start":{"line":20,"column":9},"end":{"line":20,"column":47}}],"line":19},"4":{"loc":{"start":{"line":36,"column":8},"end":{"line":37,"column":76}},"type":"if","locations":[{"start":{"line":36,"column":8},"end":{"line":37,"column":76}},{"start":{},"end":{}}],"line":36},"5":{"loc":{"start":{"line":36,"column":12},"end":{"line":36,"column":53}},"type":"binary-expr","locations":[{"start":{"line":36,"column":12},"end":{"line":36,"column":17}},{"start":{"line":36,"column":21},"end":{"line":36,"column":30}},{"start":{"line":36,"column":34},"end":{"line":36,"column":40}},{"start":{"line":36,"column":44},"end":{"line":36,"column":53}}],"line":36},"6":{"loc":{"start":{"line":40,"column":8},"end":{"line":40,"column":80}},"type":"if","locations":[{"start":{"line":40,"column":8},"end":{"line":40,"column":80}},{"start":{},"end":{}}],"line":40},"7":{"loc":{"start":{"line":63,"column":8},"end":{"line":65,"column":9}},"type":"if","locations":[{"start":{"line":63,"column":8},"end":{"line":65,"column":9}},{"start":{},"end":{}}],"line":63},"8":{"loc":{"start":{"line":74,"column":8},"end":{"line":75,"column":74}},"type":"if","locations":[{"start":{"line":74,"column":8},"end":{"line":75,"column":74}},{"start":{},"end":{}}],"line":74},"9":{"loc":{"start":{"line":74,"column":12},"end":{"line":74,"column":41}},"type":"binary-expr","locations":[{"start":{"line":74,"column":12},"end":{"line":74,"column":28}},{"start":{"line":74,"column":32},"end":{"line":74,"column":41}}],"line":74},"10":{"loc":{"start":{"line":80,"column":8},"end":{"line":80,"column":79}},"type":"if","locations":[{"start":{"line":80,"column":8},"end":{"line":80,"column":79}},{"start":{},"end":{}}],"line":80},"11":{"loc":{"start":{"line":83,"column":8},"end":{"line":83,"column":77}},"type":"if","locations":[{"start":{"line":83,"column":8},"end":{"line":83,"column":77}},{"start":{},"end":{}}],"line":83},"12":{"loc":{"start":{"line":101,"column":4},"end":{"line":101,"column":78}},"type":"if","locations":[{"start":{"line":101,"column":4},"end":{"line":101,"column":78}},{"start":{},"end":{}}],"line":101}},"s":{"0":1,"1":1,"2":1,"3":1,"4":1,"5":1,"6":1,"7":2,"8":2,"9":2,"10":0,"11":2,"12":1,"13":1,"14":2,"15":1,"16":1,"17":4,"18":4,"19":4,"20":1,"21":3,"22":3,"23":0,"24":3,"25":3,"26":1,"27":1,"28":1,"29":1,"30":1,"31":1,"32":2,"33":1,"34":1,"35":1,"36":0,"37":0,"38":0,"39":0,"40":0,"41":0,"42":0,"43":0,"44":0,"45":0,"46":0,"47":0,"48":0,"49":0,"50":0,"51":0,"52":0,"53":1,"54":0,"55":0,"56":0,"57":0,"58":0,"59":0,"60":0,"61":0,"62":0,"63":0,"64":0,"65":1,"66":0,"67":0,"68":0,"69":0,"70":0,"71":1,"72":0,"73":1},"f":{"0":2,"1":4,"2":0,"3":0,"4":0,"5":0},"b":{"0":[0],"1":[0,2],"2":[0,2],"3":[1,1],"4":[1,3],"5":[4,4,3,3],"6":[0,3],"7":[1,1],"8":[0,0],"9":[0,0],"10":[0,0],"11":[0,0],"12":[0,0]},"_coverageSchema":"1a1c01bbd47fc00a2c39e90264f33305004495a9","hash":"e93ae5a963991e3d46436953b95bd1281fc34c75"}
}
