TN:
SF:src/middleware/requireAuth.js
FN:4,requireAuth
FNF:1
FNH:0
FNDA:0,requireAuth
DA:1,1
DA:4,1
DA:5,0
DA:6,0
DA:7,0
DA:8,0
DA:9,0
DA:11,0
LF:8
LH:2
BRDA:6,0,0,0
BRDA:6,0,1,0
BRF:2
BRH:0
end_of_record
TN:
SF:src/routes/auth.js
FN:10,cookieOptions
FN:33,(anonymous_1)
FN:71,(anonymous_2)
FN:99,(anonymous_3)
FN:119,(anonymous_4)
FN:128,(anonymous_5)
FNF:6
FNH:2
FNDA:2,cookieOptions
FNDA:4,(anonymous_1)
FNDA:0,(anonymous_2)
FNDA:0,(anonymous_3)
FNDA:0,(anonymous_4)
FNDA:0,(anonymous_5)
DA:1,1
DA:2,1
DA:3,1
DA:4,1
DA:5,1
DA:7,1
DA:8,1
DA:11,2
DA:12,2
DA:18,2
DA:19,2
DA:20,1
DA:21,2
DA:25,1
DA:33,1
DA:34,4
DA:35,4
DA:36,4
DA:37,1
DA:39,3
DA:40,3
DA:42,3
DA:43,3
DA:46,1
DA:47,1
DA:48,1
DA:51,1
DA:52,1
DA:55,1
DA:63,2
DA:64,1
DA:66,1
DA:71,1
DA:72,0
DA:73,0
DA:74,0
DA:75,0
DA:77,0
DA:80,0
DA:82,0
DA:83,0
DA:85,0
DA:86,0
DA:87,0
DA:89,0
DA:90,0
DA:92,0
DA:94,0
DA:99,1
DA:100,0
DA:101,0
DA:102,0
DA:103,0
DA:106,0
DA:107,0
DA:109,0
DA:110,0
DA:112,0
DA:114,0
DA:119,1
DA:120,0
DA:121,0
DA:122,0
DA:123,0
DA:124,0
DA:128,1
DA:130,0
DA:133,1
LF:68
LH:37
BRDA:10,0,0,0
BRDA:15,1,0,0
BRDA:15,1,1,2
BRDA:18,2,0,0
BRDA:18,2,1,2
BRDA:19,3,0,1
BRDA:19,3,1,1
BRDA:36,4,0,1
BRDA:36,4,1,3
BRDA:36,5,0,4
BRDA:36,5,1,4
BRDA:36,5,2,3
BRDA:36,5,3,3
BRDA:40,6,0,0
BRDA:40,6,1,3
BRDA:63,7,0,1
BRDA:63,7,1,1
BRDA:74,8,0,0
BRDA:74,8,1,0
BRDA:74,9,0,0
BRDA:74,9,1,0
BRDA:80,10,0,0
BRDA:80,10,1,0
BRDA:83,11,0,0
BRDA:83,11,1,0
BRDA:101,12,0,0
BRDA:101,12,1,0
BRF:27
BRH:13
end_of_record
